=== GIT AUTO SAVE ===
[main 9fc535c] Auto backup ComptaPilot 2026-05-28 02:30:01
 8 files changed, 9 insertions(+)
 create mode 100644 backup.log
 create mode 100644 backups/comptapilot_backup_20260528_013001.tar.gz
 create mode 100644 backups/comptapilot_backup_20260528_020001.tar.gz
 create mode 100644 backups/comptapilot_backup_20260528_023001/app.py
 create mode 100644 backups/comptapilot_backup_20260528_023001/app_production.py
 create mode 100644 backups/full_backup_20260528_020001.tar.gz
 create mode 100644 git_backup.log
fatal: could not read Username for 'https://github.com': No such device or address
=== PUSH TERMINE ===
=== GIT AUTO SAVE ===
[refonte-propre-saas-v3 b36b1ab] Auto backup ComptaPilot 2026-05-29 02:30:01
 9 files changed, 152 insertions(+)
 create mode 100644 app_refonte/app_refonte.py.backup_20260529_011720
 create mode 100644 docker-compose.yml.backup_20260529_010105
 create mode 100644 docker-compose.yml.backup_avant_port_5099_20260529_012300
 create mode 100644 docs/reprise/SESSION_EN_COURS.md
fatal: could not read Username for 'https://github.com': No such device or address
=== PUSH TERMINE ===
