[2026-05-11 00:34:21] [TEST] test journal securite
[2026-05-11 00:45:01] [LOGIN_FAILED] Mauvais mot de passe pour : test
[2026-05-11 00:46:22,297] [INFO] [LOGIN_FAILED] Mauvais mot de passe pour : test
[2026-05-11 00:46:25,673] [INFO] [LOGIN_FAILED] Mauvais mot de passe pour : test
[2026-05-11 00:46:55,578] [INFO] [LOGIN_FAILED] Mauvais mot de passe pour : test
[2026-05-11 01:17:53,813] [INFO] [LOGIN_FAILED] Mauvais mot de passe pour : Alain BAUDINAUD
[2026-05-11 01:18:00,892] [INFO] [LOGIN_FAILED] Mauvais mot de passe pour : Alain BAUDINAUD
[2026-05-11 01:34:37,279] [INFO] [LOGIN_FAILED] Mauvais mot de passe pour : Alain BAUDINAUD
[2026-05-11 01:37:52,671] [INFO] [LOGIN_FAILED] Mauvais mot de passe pour : Alain BAUDINAUD
[2026-05-11 01:47:33,097] [INFO] [LOGIN_FAILED] Mauvais mot de passe pour : Alain BAUDINAUD
[2026-05-11 01:48:45,084] [INFO] [LOGIN_FAILED] Mauvais mot de passe pour : Alain BAUDINAUD
[2026-05-11 01:49:23,817] [INFO] [LOGIN_FAILED] Mauvais mot de passe pour : Alain BAUDINAUD
[2026-05-11 02:01:00,599] [INFO] [LOGIN_SUCCESS] Connexion réussie : Alain BAUDINAUD
[2026-05-11 03:01:46,869] [INFO] [LOGIN_SUCCESS] Connexion réussie : Alain BAUDINAUD
[2026-05-11 03:02:01,957] [INFO] [LOGIN_SUCCESS] Connexion réussie : Alain BAUDINAUD
[2026-05-11 23:11:03,858] [INFO] [LOGIN_SUCCESS] Connexion réussie : Alain BAUDINAUD
[2026-05-11 23:54:12,802] [INFO] [LOGIN_SUCCESS] Connexion réussie : Alain BAUDINAUD
[2026-05-12 00:24:03,401] [INFO] [LOGIN_SUCCESS] Connexion réussie : Alain BAUDINAUD
[2026-05-12 00:33:02,270] [INFO] [LOGIN_SUCCESS] Connexion réussie : Alain BAUDINAUD
[2026-05-12 02:34:40,544] [INFO] [LOGIN_SUCCESS] Connexion réussie : Alain BAUDINAUD
[2026-05-12 08:34:20,808] [INFO] [LOGIN_SUCCESS] Connexion réussie : Alain BAUDINAUD
[2026-05-12 11:59:50,244] [INFO] [LOGIN_SUCCESS] Connexion réussie : Alain BAUDINAUD
[2026-05-12 15:24:23,462] [INFO] [LOGIN_SUCCESS] Connexion réussie : Alain BAUDINAUD
[2026-05-12 15:24:40,757] [INFO] [LOGIN_SUCCESS] Connexion réussie : Alain BAUDINAUD
[2026-05-12 18:31:33,854] [INFO] [LOGIN_SUCCESS] Connexion réussie : Alain BAUDINAUD
[2026-05-12 21:23:28,722] [INFO] [LOGIN_SUCCESS] Connexion réussie : Alain BAUDINAUD
[2026-05-12 23:24:11,460] [INFO] [LOGIN_SUCCESS] Connexion réussie : Alain BAUDINAUD
[2026-05-15 12:29:37,478] [INFO] [LOGIN_SUCCESS] Connexion réussie : Alain BAUDINAUD
[2026-05-15 20:06:21,696] [INFO] [LOGIN_SUCCESS] Connexion réussie : Alain BAUDINAUD
[2026-05-17 15:11:11,164] [INFO] [LOGIN_SUCCESS] Connexion réussie : Alain BAUDINAUD
[2026-05-17 17:20:16,524] [INFO] [LOGIN_SUCCESS] Connexion réussie : Alain BAUDINAUD
[2026-05-18 10:03:33,481] [INFO] [LOGIN_SUCCESS] Connexion réussie : Alain BAUDINAUD
[2026-05-18 17:37:19,686] [INFO] [LOGIN_SUCCESS] Connexion réussie : Alain BAUDINAUD
[2026-05-20 08:59:06,550] [INFO] [LOGIN_SUCCESS] Connexion réussie : Alain BAUDINAUD
